<?xml version="1.0" encoding="UTF-8"?>
<!-- Generated by org.testng.reporters.JUnitReportReporter -->
<testsuite skipped="0" hostname="DESKTOP-5Q0UQTD" name="com.execution.Sample1" tests="4" failures="0" timestamp="09 Nov 2021 05:25:24 GMT" time="18.701" errors="0">
  <testcase name="testCase2" time="0.001" classname="com.execution.Sample1"/>
  <testcase name="testCase2" time="0.001" classname="com.execution.Sample1"/>
  <testcase name="testCase1" time="11.340" classname="com.execution.Sample1"/>
  <testcase name="testCase1" time="7.359" classname="com.execution.Sample1"/>
</testsuite> <!-- com.execution.Sample1 -->
