<?xml version="1.0" encoding="UTF-8"?>
<!-- Generated by org.testng.reporters.JUnitReportReporter -->
<testsuite skipped="0" hostname="DESKTOP-5Q0UQTD" name="com.execution.Sample1" tests="2" failures="0" timestamp="09 Nov 2021 05:11:12 GMT" time="21.153" errors="0">
  <testcase name="testCase1" time="9.482" classname="com.execution.Sample1"/>
  <testcase name="testCase1" time="11.671" classname="com.execution.Sample1"/>
</testsuite> <!-- com.execution.Sample1 -->
